<?xml version="1.0" encoding="UTF-8"?>
<!-- Generated by org.testng.reporters.JUnitReportReporter -->
<testsuite hostname="DESKTOP-UF5NI29" failures="0" tests="1" name="com.RestAssured.PostEmployee" time="5.061" errors="0" timestamp="2023-03-19T00:53:46 IST" skipped="0">
  <testcase classname="com.RestAssured.PostEmployee" name="postEmployee" time="5.061"/>
  <system-out/>
</testsuite> <!-- com.RestAssured.PostEmployee -->
