<?xml version="1.0" encoding="UTF-8"?>
<!-- Generated by org.testng.reporters.JUnitReportReporter -->
<testsuite hostname="DESKTOP-UF5NI29" failures="0" tests="1" name="com.RestAssured.Serialization" time="5.030" errors="0" timestamp="2023-02-16T01:02:15 IST" skipped="0">
  <testcase classname="com.RestAssured.Serialization" name="json" time="5.030"/>
  <system-out/>
</testsuite> <!-- com.RestAssured.Serialization -->
