<?xml version="1.0" encoding="UTF-8"?>
<!-- Generated by org.testng.reporters.JUnitReportReporter -->
<testsuite hostname="DESKTOP-UF5NI29" failures="0" tests="1" name="com.RestAssured.GetEmployees" time="6.263" errors="0" timestamp="2023-03-03T21:01:21 IST" skipped="0">
  <testcase classname="com.RestAssured.GetEmployees" name="getEmployees" time="6.263"/>
  <system-out/>
</testsuite> <!-- com.RestAssured.GetEmployees -->
