<?xml version="1.0" encoding="UTF-8"?>
<!-- Generated by org.testng.reporters.JUnitReportReporter -->
<testsuite hostname="DESKTOP-UF5NI29" failures="0" tests="2" name="testng.TestNgAPI" time="13.862" errors="0" timestamp="2023-03-18T21:30:30 IST" skipped="0">
  <testcase classname="testng.TestNgAPI" name="nextMethod" time="1.433"/>
  <system-out/>
  <testcase classname="testng.TestNgAPI" name="thirdMethod" time="12.429"/>
  <system-out/>
</testsuite> <!-- testng.TestNgAPI -->
