<?xml version="1.0" encoding="UTF-8"?>
<!-- Generated by org.testng.reporters.JUnitReportReporter -->
<testsuite hostname="DESKTOP-UF5NI29" failures="0" tests="1" name="com.RestAssured.NetworkntJsonSchema" time="0.646" errors="0" timestamp="2023-02-26T16:54:52 IST" skipped="0">
  <testcase classname="com.RestAssured.NetworkntJsonSchema" name="validateJsonSchema" time="0.646"/>
  <system-out/>
</testsuite> <!-- com.RestAssured.NetworkntJsonSchema -->
