<?xml version="1.0" encoding="UTF-8"?>
<!-- Generated by org.testng.reporters.JUnitReportReporter -->
<testsuite hostname="DESKTOP-UF5NI29" failures="0" tests="1" name="com.RestAssured.Update" time="3.795" errors="0" timestamp="2023-02-12T17:51:31 IST" skipped="0">
  <testcase classname="com.RestAssured.Update" name="updateEmployee" time="3.795"/>
  <system-out/>
</testsuite> <!-- com.RestAssured.Update -->
