<?xml version="1.0" encoding="UTF-8"?>
<!-- Generated by org.testng.reporters.JUnitReportReporter -->
<testsuite hostname="DESKTOP-UF5NI29" failures="0" tests="1" name="com.RestAssured.Put" time="7.692" errors="0" timestamp="2023-02-16T22:51:40 IST" skipped="0">
  <testcase classname="com.RestAssured.Put" name="update" time="7.692"/>
  <system-out/>
</testsuite> <!-- com.RestAssured.Put -->
