<?xml version="1.0" encoding="UTF-8"?>
<!-- Generated by org.testng.reporters.JUnitReportReporter -->
<testsuite hostname="DESKTOP-UF5NI29" failures="0" tests="1" name="com.CucumberRest.TestNGRunner" time="1.445" errors="0" timestamp="2023-03-19T00:43:05 IST" skipped="0">
  <testcase classname="com.CucumberRest.TestNGRunner" name="nextMethod" time="1.445"/>
  <system-out/>
</testsuite> <!-- com.CucumberRest.TestNGRunner -->
