<?xml version="1.0" encoding="UTF-8"?>
<!-- Generated by org.testng.reporters.JUnitReportReporter -->
<testsuite skipped="0" hostname="DESKTOP-UF5NI29" name="com.RestAssured.Request" tests="1" failures="0" timestamp="2023-02-09T10:58:43 IST" time="4.949" errors="0">
  <testcase name="getMethod" time="4.949" classname="com.RestAssured.Request"/>
  <system-out/>
</testsuite> <!-- com.RestAssured.Request -->
